<?xml version="1.0" encoding="UTF-8"?>
<testng-results skipped="0" failed="0" total="1" passed="1">
  <reporter-output>
  </reporter-output>
  <suite name="Default suite" duration-ms="16801" started-at="2020-03-06T06:55:18Z" finished-at="2020-03-06T06:55:35Z">
    <groups>
      <group name="cucumber">
        <method signature="AbstractTestNGCucumberTests.feature(cucumber.api.testng.CucumberFeatureWrapper)[pri:0, instance:testRunner.Runner@3c0ecd4b]" name="feature" class="cucumber.api.testng.AbstractTestNGCucumberTests"/>
      </group> <!-- cucumber -->
    </groups>
    <test name="Default test" duration-ms="16801" started-at="2020-03-06T06:55:18Z" finished-at="2020-03-06T06:55:35Z">
      <class name="testRunner.Runner">
        <test-method status="PASS" signature="setUpClass()[pri:0, instance:testRunner.Runner@3c0ecd4b]" name="setUpClass" is-config="true" duration-ms="523" started-at="2020-03-06T12:25:18Z" finished-at="2020-03-06T12:25:19Z">
          <reporter-output>
          </reporter-output>
        </test-method> <!-- setUpClass -->
        <test-method status="PASS" signature="feature(cucumber.api.testng.CucumberFeatureWrapper)[pri:0, instance:testRunner.Runner@3c0ecd4b]" name="feature" duration-ms="15522" started-at="2020-03-06T12:25:19Z" description="Runs Cucumber Feature" data-provider="features" finished-at="2020-03-06T12:25:34Z">
          <params>
            <param index="0">
              <value>
                <![CDATA[AdminLogin]]>
              </value>
            </param>
          </params>
          <reporter-output>
          </reporter-output>
        </test-method> <!-- feature -->
        <test-method status="PASS" signature="tearDownClass()[pri:0, instance:testRunner.Runner@3c0ecd4b]" name="tearDownClass" is-config="true" duration-ms="573" started-at="2020-03-06T12:25:34Z" finished-at="2020-03-06T12:25:35Z">
          <reporter-output>
          </reporter-output>
        </test-method> <!-- tearDownClass -->
      </class> <!-- testRunner.Runner -->
    </test> <!-- Default test -->
  </suite> <!-- Default suite -->
</testng-results>
